<?xml version="1.0" encoding="UTF-8"?>
<testsuite xmlns:xsi="http://www.w3.org/2001/XMLSchema-instance" xsi:noNamespaceSchemaLocation="https://maven.apache.org/surefire/maven-surefire-plugin/xsd/surefire-test-report.xsd" version="3.0.2" name="com.biblioteca.tdd.BibliotecaTest" time="0.065" tests="16" errors="0" skipped="0" failures="0">
  <properties>
[...]
</properties>
  <testcase name="noRegistrarLibroConIsbnDuplicado" classname="com.biblioteca.tdd.BibliotecaTest" time="0.022"/>
  <testcase name="noPrestarLibroInexistente" classname="com.biblioteca.tdd.BibliotecaTest" time="0.001"/>
  <testcase name="noDevolverLibroInexistente" classname="com.biblioteca.tdd.BibliotecaTest" time="0.0"/>
  <testcase name="registrarLibroValido" classname="com.biblioteca.tdd.BibliotecaTest" time="0.0"/>
  <testcase name="buscarLibroPorTituloSinDiferenciarMayusculasYMinusculas" classname="com.biblioteca.tdd.BibliotecaTest" time="0.003"/>
  <testcase name="noRegistrarLibroConIsbnVacio" classname="com.biblioteca.tdd.BibliotecaTest" time="0.002"/>
  <testcase name="devolverLibroPrestado" classname="com.biblioteca.tdd.BibliotecaTest" time="0.001"/>
  <testcase name="libroNuevoDisponible" classname="com.biblioteca.tdd.BibliotecaTest" time="0.001"/>
  <testcase name="noRegistrarLibroConTituloVacio" classname="com.biblioteca.tdd.BibliotecaTest" time="0.001"/>
  <testcase name="prestarLibroDisponible" classname="com.biblioteca.tdd.BibliotecaTest" time="0.001"/>
  <testcase name="buscarLibroPorIsbn" classname="com.biblioteca.tdd.BibliotecaTest" time="0.001"/>
  <testcase name="buscarLibroInexistentePorIsbn" classname="com.biblioteca.tdd.BibliotecaTest" time="0.001"/>
  <testcase name="noDevolverLibroQueYaEstaDisponible" classname="com.biblioteca.tdd.BibliotecaTest" time="0.001"/>
  <testcase name="buscarLibroPorCoincidenciaParcialDelTitulo" classname="com.biblioteca.tdd.BibliotecaTest" time="0.0"/>
  <testcase name="listarLibrosDisponibles" classname="com.biblioteca.tdd.BibliotecaTest" time="0.003"/>
  <testcase name="noPrestarLibroQueYaEstaPrestado" classname="com.biblioteca.tdd.BibliotecaTest" time="0.002"/>
</testsuite>